Analysis & Synthesis report for LEDs
Sun Apr 26 09:20:25 2020
Quartus Prime Version 18.1.0 Build 625 09/12/2018 SJ Lite Edition


---------------------
; Table of Contents ;
---------------------
  1. Legal Notice
  2. Analysis & Synthesis Summary
  3. Analysis & Synthesis Settings
  4. Parallel Compilation
  5. Analysis & Synthesis Source Files Read
  6. Analysis & Synthesis Resource Usage Summary
  7. Analysis & Synthesis Resource Utilization by Entity
  8. General Register Statistics
  9. Inverted Register Statistics
 10. Port Connectivity Checks: "decoder_3_8:decoder_3_8_inst"
 11. Post-Synthesis Netlist Statistics for Top Partition
 12. Elapsed Time Per Partition
 13. Analysis & Synthesis Messages



----------------
; Legal Notice ;
----------------
Copyright (C) 2018  Intel Corporation. All rights reserved.
Your use of Intel Corporation's design tools, logic functions 
and other software and tools, and its AMPP partner logic 
functions, and any output files from any of the foregoing 
(including device programming or simulation files), and any 
associated documentation or information are expressly subject 
to the terms and conditions of the Intel Program License 
Subscription Agreement, the Intel Quartus Prime License Agreement,
the Intel FPGA IP License Agreement, or other applicable license
agreement, including, without limitation, that your use is for
the sole purpose of programming logic devices manufactured by
Intel and sold by Intel or its authorized distributors.  Please
refer to the applicable agreement for further details.



+----------------------------------------------------------------------------------+
; Analysis & Synthesis Summary                                                     ;
+------------------------------------+---------------------------------------------+
; Analysis & Synthesis Status        ; Successful - Sun Apr 26 09:20:25 2020       ;
; Quartus Prime Version              ; 18.1.0 Build 625 09/12/2018 SJ Lite Edition ;
; Revision Name                      ; LEDs                                        ;
; Top-level Entity Name              ; LEDs                                        ;
; Family                             ; Cyclone IV E                                ;
; Total logic elements               ; 63                                          ;
;     Total combinational functions  ; 63                                          ;
;     Dedicated logic registers      ; 40                                          ;
; Total registers                    ; 40                                          ;
; Total pins                         ; 11                                          ;
; Total virtual pins                 ; 0                                           ;
; Total memory bits                  ; 0                                           ;
; Embedded Multiplier 9-bit elements ; 0                                           ;
; Total PLLs                         ; 0                                           ;
+------------------------------------+---------------------------------------------+


+------------------------------------------------------------------------------------------------------------+
; Analysis & Synthesis Settings                                                                              ;
+------------------------------------------------------------------+--------------------+--------------------+
; Option                                                           ; Setting            ; Default Value      ;
+------------------------------------------------------------------+--------------------+--------------------+
; Device                                                           ; EP4CE115F29C7      ;                    ;
; Top-level entity name                                            ; LEDs               ; LEDs               ;
; Family name                                                      ; Cyclone IV E       ; Cyclone V          ;
; Use smart compilation                                            ; Off                ; Off                ;
; Enable parallel Assembler and Timing Analyzer during compilation ; On                 ; On                 ;
; Enable compact report table                                      ; Off                ; Off                ;
; Restructure Multiplexers                                         ; Auto               ; Auto               ;
; Create Debugging Nodes for IP Cores                              ; Off                ; Off                ;
; Preserve fewer node names                                        ; On                 ; On                 ;
; Intel FPGA IP Evaluation Mode                                    ; Enable             ; Enable             ;
; Verilog Version                                                  ; Verilog_2001       ; Verilog_2001       ;
; VHDL Version                                                     ; VHDL_1993          ; VHDL_1993          ;
; State Machine Processing                                         ; Auto               ; Auto               ;
; Safe State Machine                                               ; Off                ; Off                ;
; Extract Verilog State Machines                                   ; On                 ; On                 ;
; Extract VHDL State Machines                                      ; On                 ; On                 ;
; Ignore Verilog initial constructs                                ; Off                ; Off                ;
; Iteration limit for constant Verilog loops                       ; 5000               ; 5000               ;
; Iteration limit for non-constant Verilog loops                   ; 250                ; 250                ;
; Add Pass-Through Logic to Inferred RAMs                          ; On                 ; On                 ;
; Infer RAMs from Raw Logic                                        ; On                 ; On                 ;
; Parallel Synthesis                                               ; On                 ; On                 ;
; DSP Block Balancing                                              ; Auto               ; Auto               ;
; NOT Gate Push-Back                                               ; On                 ; On                 ;
; Power-Up Don't Care                                              ; On                 ; On                 ;
; Remove Redundant Logic Cells                                     ; Off                ; Off                ;
; Remove Duplicate Registers                                       ; On                 ; On                 ;
; Ignore CARRY Buffers                                             ; Off                ; Off                ;
; Ignore CASCADE Buffers                                           ; Off                ; Off                ;
; Ignore GLOBAL Buffers                                            ; Off                ; Off                ;
; Ignore ROW GLOBAL Buffers                                        ; Off                ; Off                ;
; Ignore LCELL Buffers                                             ; Off                ; Off                ;
; Ignore SOFT Buffers                                              ; On                 ; On                 ;
; Limit AHDL Integers to 32 Bits                                   ; Off                ; Off                ;
; Optimization Technique                                           ; Balanced           ; Balanced           ;
; Carry Chain Length                                               ; 70                 ; 70                 ;
; Auto Carry Chains                                                ; On                 ; On                 ;
; Auto Open-Drain Pins                                             ; On                 ; On                 ;
; Perform WYSIWYG Primitive Resynthesis                            ; Off                ; Off                ;
; Auto ROM Replacement                                             ; On                 ; On                 ;
; Auto RAM Replacement                                             ; On                 ; On                 ;
; Auto DSP Block Replacement                                       ; On                 ; On                 ;
; Auto Shift Register Replacement                                  ; Auto               ; Auto               ;
; Allow Shift Register Merging across Hierarchies                  ; Auto               ; Auto               ;
; Auto Clock Enable Replacement                                    ; On                 ; On                 ;
; Strict RAM Replacement                                           ; Off                ; Off                ;
; Allow Synchronous Control Signals                                ; On                 ; On                 ;
; Force Use of Synchronous Clear Signals                           ; Off                ; Off                ;
; Auto RAM Block Balancing                                         ; On                 ; On                 ;
; Auto RAM to Logic Cell Conversion                                ; Off                ; Off                ;
; Auto Resource Sharing                                            ; Off                ; Off                ;
; Allow Any RAM Size For Recognition                               ; Off                ; Off                ;
; Allow Any ROM Size For Recognition                               ; Off                ; Off                ;
; Allow Any Shift Register Size For Recognition                    ; Off                ; Off                ;
; Use LogicLock Constraints during Resource Balancing              ; On                 ; On                 ;
; Ignore translate_off and synthesis_off directives                ; Off                ; Off                ;
; Timing-Driven Synthesis                                          ; On                 ; On                 ;
; Report Parameter Settings                                        ; On                 ; On                 ;
; Report Source Assignments                                        ; On                 ; On                 ;
; Report Connectivity Checks                                       ; On                 ; On                 ;
; Ignore Maximum Fan-Out Assignments                               ; Off                ; Off                ;
; Synchronization Register Chain Length                            ; 2                  ; 2                  ;
; Power Optimization During Synthesis                              ; Normal compilation ; Normal compilation ;
; HDL message level                                                ; Level2             ; Level2             ;
; Suppress Register Optimization Related Messages                  ; Off                ; Off                ;
; Number of Removed Registers Reported in Synthesis Report         ; 5000               ; 5000               ;
; Number of Swept Nodes Reported in Synthesis Report               ; 5000               ; 5000               ;
; Number of Inverted Registers Reported in Synthesis Report        ; 100                ; 100                ;
; Clock MUX Protection                                             ; On                 ; On                 ;
; Auto Gated Clock Conversion                                      ; Off                ; Off                ;
; Block Design Naming                                              ; Auto               ; Auto               ;
; SDC constraint protection                                        ; Off                ; Off                ;
; Synthesis Effort                                                 ; Auto               ; Auto               ;
; Shift Register Replacement - Allow Asynchronous Clear Signal     ; On                 ; On                 ;
; Pre-Mapping Resynthesis Optimization                             ; Off                ; Off                ;
; Analysis & Synthesis Message Level                               ; Medium             ; Medium             ;
; Disable Register Merging Across Hierarchies                      ; Auto               ; Auto               ;
; Resource Aware Inference For Block RAM                           ; On                 ; On                 ;
+------------------------------------------------------------------+--------------------+--------------------+


+------------------------------------------+
; Parallel Compilation                     ;
+----------------------------+-------------+
; Processors                 ; Number      ;
+----------------------------+-------------+
; Number detected on machine ; 4           ;
; Maximum allowed            ; 4           ;
;                            ;             ;
; Average used               ; 1.00        ;
; Maximum used               ; 4           ;
;                            ;             ;
; Usage by Processor         ; % Time Used ;
;     Processor 1            ; 100.0%      ;
;     Processor 2            ;   0.0%      ;
;     Processors 3-4         ;   0.0%      ;
+----------------------------+-------------+


+---------------------------------------------------------------------------------------------------------------------------------------------+
; Analysis & Synthesis Source Files Read                                                                                                      ;
+------------------------------------+-----------------+------------------------+---------------------------------------------------+---------+
; File Name with User-Entered Path   ; Used in Netlist ; File Type              ; File Name with Absolute Path                      ; Library ;
+------------------------------------+-----------------+------------------------+---------------------------------------------------+---------+
; ../../src/freq_div.v               ; yes             ; User Verilog HDL File  ; G:/Digital Lab/Lab 1/src/freq_div.v               ;         ;
; ../../src/mux_8.v                  ; yes             ; User Verilog HDL File  ; G:/Digital Lab/Lab 1/src/mux_8.v                  ;         ;
; ../../src/LEDs.v                   ; yes             ; User Verilog HDL File  ; G:/Digital Lab/Lab 1/src/LEDs.v                   ;         ;
; ../../src/decoder_3_8.v            ; yes             ; User Verilog HDL File  ; G:/Digital Lab/Lab 1/src/decoder_3_8.v            ;         ;
; ../../src/bi_register_8.v          ; yes             ; User Verilog HDL File  ; G:/Digital Lab/Lab 1/src/bi_register_8.v          ;         ;
; ../../src/bi_direction_counter_8.v ; yes             ; User Verilog HDL File  ; G:/Digital Lab/Lab 1/src/bi_direction_counter_8.v ;         ;
+------------------------------------+-----------------+------------------------+---------------------------------------------------+---------+


+-----------------------------------------------------------+
; Analysis & Synthesis Resource Usage Summary               ;
+---------------------------------------------+-------------+
; Resource                                    ; Usage       ;
+---------------------------------------------+-------------+
; Estimated Total logic elements              ; 63          ;
;                                             ;             ;
; Total combinational functions               ; 63          ;
; Logic element usage by number of LUT inputs ;             ;
;     -- 4 input functions                    ; 20          ;
;     -- 3 input functions                    ; 16          ;
;     -- <=2 input functions                  ; 27          ;
;                                             ;             ;
; Logic elements by mode                      ;             ;
;     -- normal mode                          ; 38          ;
;     -- arithmetic mode                      ; 25          ;
;                                             ;             ;
; Total registers                             ; 40          ;
;     -- Dedicated logic registers            ; 40          ;
;     -- I/O registers                        ; 0           ;
;                                             ;             ;
; I/O pins                                    ; 11          ;
;                                             ;             ;
; Embedded Multiplier 9-bit elements          ; 0           ;
;                                             ;             ;
; Maximum fan-out node                        ; clr_n~input ;
; Maximum fan-out                             ; 40          ;
; Total fan-out                               ; 319         ;
; Average fan-out                             ; 2.55        ;
+---------------------------------------------+-------------+


+---------------------------------------------------------------------------------------------------------------------------------------------------------------------------------------------------------------------------------------------------------------------------------------+
; Analysis & Synthesis Resource Utilization by Entity                                                                                                                                                                                                                                   ;
+---------------------------------------------------------+---------------------+---------------------------+-------------+--------------+---------+-----------+------+--------------+----------------------------------------------------------+------------------------+--------------+
; Compilation Hierarchy Node                              ; Combinational ALUTs ; Dedicated Logic Registers ; Memory Bits ; DSP Elements ; DSP 9x9 ; DSP 18x18 ; Pins ; Virtual Pins ; Full Hierarchy Name                                      ; Entity Name            ; Library Name ;
+---------------------------------------------------------+---------------------+---------------------------+-------------+--------------+---------+-----------+------+--------------+----------------------------------------------------------+------------------------+--------------+
; |LEDs                                                   ; 63 (0)              ; 40 (0)                    ; 0           ; 0            ; 0       ; 0         ; 11   ; 0            ; |LEDs                                                    ; LEDs                   ; work         ;
;    |bi_direction_counter_8:bi_direction_counter_8_inst| ; 4 (4)               ; 4 (4)                     ; 0           ; 0            ; 0       ; 0         ; 0    ; 0            ; |LEDs|bi_direction_counter_8:bi_direction_counter_8_inst ; bi_direction_counter_8 ; work         ;
;    |bi_register_8:bi_register_8_inst|                   ; 11 (11)             ; 9 (9)                     ; 0           ; 0            ; 0       ; 0         ; 0    ; 0            ; |LEDs|bi_register_8:bi_register_8_inst                   ; bi_register_8          ; work         ;
;    |freq_div:freq_div_inst|                             ; 36 (36)             ; 27 (27)                   ; 0           ; 0            ; 0       ; 0         ; 0    ; 0            ; |LEDs|freq_div:freq_div_inst                             ; freq_div               ; work         ;
;    |mux_8:mux_8_inst|                                   ; 12 (12)             ; 0 (0)                     ; 0           ; 0            ; 0       ; 0         ; 0    ; 0            ; |LEDs|mux_8:mux_8_inst                                   ; mux_8                  ; work         ;
+---------------------------------------------------------+---------------------+---------------------------+-------------+--------------+---------+-----------+------+--------------+----------------------------------------------------------+------------------------+--------------+
Note: For table entries with two numbers listed, the numbers in parentheses indicate the number of resources of the given type used by the specific entity alone. The numbers listed outside of parentheses indicate the total resources of the given type used by the specific entity and all of its sub-entities in the hierarchy.


+------------------------------------------------------+
; General Register Statistics                          ;
+----------------------------------------------+-------+
; Statistic                                    ; Value ;
+----------------------------------------------+-------+
; Total registers                              ; 40    ;
; Number of registers using Synchronous Clear  ; 0     ;
; Number of registers using Synchronous Load   ; 0     ;
; Number of registers using Asynchronous Clear ; 40    ;
; Number of registers using Asynchronous Load  ; 0     ;
; Number of registers using Clock Enable       ; 0     ;
; Number of registers using Preset             ; 0     ;
+----------------------------------------------+-------+


+--------------------------------------------------+
; Inverted Register Statistics                     ;
+----------------------------------------+---------+
; Inverted Register                      ; Fan out ;
+----------------------------------------+---------+
; bi_register_8:bi_register_8_inst|Q[0]  ; 4       ;
; Total number of inverted registers = 1 ;         ;
+----------------------------------------+---------+


+----------------------------------------------------------+
; Port Connectivity Checks: "decoder_3_8:decoder_3_8_inst" ;
+--------+-------+----------+------------------------------+
; Port   ; Type  ; Severity ; Details                      ;
+--------+-------+----------+------------------------------+
; enable ; Input ; Info     ; Stuck at VCC                 ;
+--------+-------+----------+------------------------------+


+-----------------------------------------------------+
; Post-Synthesis Netlist Statistics for Top Partition ;
+-----------------------+-----------------------------+
; Type                  ; Count                       ;
+-----------------------+-----------------------------+
; boundary_port         ; 11                          ;
; cycloneiii_ff         ; 40                          ;
;     CLR               ; 40                          ;
; cycloneiii_lcell_comb ; 63                          ;
;     arith             ; 25                          ;
;         2 data inputs ; 25                          ;
;     normal            ; 38                          ;
;         1 data inputs ; 2                           ;
;         3 data inputs ; 16                          ;
;         4 data inputs ; 20                          ;
;                       ;                             ;
; Max LUT depth         ; 3.50                        ;
; Average LUT depth     ; 2.52                        ;
+-----------------------+-----------------------------+


+-------------------------------+
; Elapsed Time Per Partition    ;
+----------------+--------------+
; Partition Name ; Elapsed Time ;
+----------------+--------------+
; Top            ; 00:00:00     ;
+----------------+--------------+


+-------------------------------+
; Analysis & Synthesis Messages ;
+-------------------------------+
Info: *******************************************************************
Info: Running Quartus Prime Analysis & Synthesis
    Info: Version 18.1.0 Build 625 09/12/2018 SJ Lite Edition
    Info: Processing started: Sun Apr 26 09:20:10 2020
Info: Command: quartus_map --read_settings_files=on --write_settings_files=off LEDs -c LEDs
Warning (18236): Number of processors has not been specified which may cause overloading on shared machines.  Set the global assignment NUM_PARALLEL_PROCESSORS in your QSF to an appropriate value for best performance.
Info (20030): Parallel compilation is enabled and will use 4 of the 4 processors detected
Info (12021): Found 1 design units, including 1 entities, in source file /digital lab/lab 1/src/freq_div.v
    Info (12023): Found entity 1: freq_div File: G:/Digital Lab/Lab 1/src/freq_div.v Line: 7
Info (12021): Found 1 design units, including 1 entities, in source file /digital lab/lab 1/src/mux_8.v
    Info (12023): Found entity 1: mux_8 File: G:/Digital Lab/Lab 1/src/mux_8.v Line: 7
Info (12021): Found 1 design units, including 1 entities, in source file /digital lab/lab 1/src/leds.v
    Info (12023): Found entity 1: LEDs File: G:/Digital Lab/Lab 1/src/LEDs.v Line: 13
Info (12021): Found 1 design units, including 1 entities, in source file /digital lab/lab 1/src/decoder_3_8.v
    Info (12023): Found entity 1: decoder_3_8 File: G:/Digital Lab/Lab 1/src/decoder_3_8.v Line: 7
Info (12021): Found 1 design units, including 1 entities, in source file /digital lab/lab 1/src/bi_register_8.v
    Info (12023): Found entity 1: bi_register_8 File: G:/Digital Lab/Lab 1/src/bi_register_8.v Line: 7
Info (12021): Found 1 design units, including 1 entities, in source file /digital lab/lab 1/src/bi_direction_counter_8.v
    Info (12023): Found entity 1: bi_direction_counter_8 File: G:/Digital Lab/Lab 1/src/bi_direction_counter_8.v Line: 7
Info (12127): Elaborating entity "LEDs" for the top level hierarchy
Info (12128): Elaborating entity "freq_div" for hierarchy "freq_div:freq_div_inst" File: G:/Digital Lab/Lab 1/src/LEDs.v Line: 30
Warning (10230): Verilog HDL assignment warning at freq_div.v(34): truncated value with size 32 to match size of target (26) File: G:/Digital Lab/Lab 1/src/freq_div.v Line: 34
Info (12128): Elaborating entity "bi_direction_counter_8" for hierarchy "bi_direction_counter_8:bi_direction_counter_8_inst" File: G:/Digital Lab/Lab 1/src/LEDs.v Line: 44
Info (12128): Elaborating entity "decoder_3_8" for hierarchy "decoder_3_8:decoder_3_8_inst" File: G:/Digital Lab/Lab 1/src/LEDs.v Line: 54
Info (12128): Elaborating entity "bi_register_8" for hierarchy "bi_register_8:bi_register_8_inst" File: G:/Digital Lab/Lab 1/src/LEDs.v Line: 64
Info (12128): Elaborating entity "mux_8" for hierarchy "mux_8:mux_8_inst" File: G:/Digital Lab/Lab 1/src/LEDs.v Line: 77
Warning (10240): Verilog HDL Always Construct warning at mux_8.v(17): inferring latch(es) for variable "y", which holds its previous value in one or more paths through the always construct File: G:/Digital Lab/Lab 1/src/mux_8.v Line: 17
Info (13000): Registers with preset signals will power-up high File: G:/Digital Lab/Lab 1/src/bi_register_8.v Line: 24
Info (13003): DEV_CLRn pin will set, and not reset, register with preset signal due to NOT Gate Push-Back
Info (286030): Timing-Driven Synthesis is running
Info (16010): Generating hard_block partition "hard_block:auto_generated_inst"
    Info (16011): Adding 0 node(s), including 0 DDIO, 0 PLL, 0 transceiver and 0 LCELL
Info (21057): Implemented 74 device resources after synthesis - the final resource count might be different
    Info (21058): Implemented 3 input pins
    Info (21059): Implemented 8 output pins
    Info (21061): Implemented 63 logic cells
Info: Quartus Prime Analysis & Synthesis was successful. 0 errors, 3 warnings
    Info: Peak virtual memory: 4771 megabytes
    Info: Processing ended: Sun Apr 26 09:20:25 2020
    Info: Elapsed time: 00:00:15
    Info: Total CPU time (on all processors): 00:00:27


