Flow report for clock
Fri May 08 00:09:55 2020
Quartus Prime Version 18.1.0 Build 625 09/12/2018 SJ Lite Edition


---------------------
; Table of Contents ;
---------------------
  1. Legal Notice
  2. Flow Summary
  3. Flow Settings
  4. Flow Non-Default Global Settings
  5. Flow Elapsed Time
  6. Flow OS Summary
  7. Flow Log
  8. Flow Messages
  9. Flow Suppressed Messages



----------------
; Legal Notice ;
----------------
Copyright (C) 2018  Intel Corporation. All rights reserved.
Your use of Intel Corporation's design tools, logic functions 
and other software and tools, and its AMPP partner logic 
functions, and any output files from any of the foregoing 
(including device programming or simulation files), and any 
associated documentation or information are expressly subject 
to the terms and conditions of the Intel Program License 
Subscription Agreement, the Intel Quartus Prime License Agreement,
the Intel FPGA IP License Agreement, or other applicable license
agreement, including, without limitation, that your use is for
the sole purpose of programming logic devices manufactured by
Intel and sold by Intel or its authorized distributors.  Please
refer to the applicable agreement for further details.



+----------------------------------------------------------------------------------+
; Flow Summary                                                                     ;
+------------------------------------+---------------------------------------------+
; Flow Status                        ; Successful - Fri May 08 00:09:55 2020       ;
; Quartus Prime Version              ; 18.1.0 Build 625 09/12/2018 SJ Lite Edition ;
; Revision Name                      ; clock                                       ;
; Top-level Entity Name              ; clock                                       ;
; Family                             ; Cyclone IV E                                ;
; Device                             ; EP4CE115F29C7                               ;
; Timing Models                      ; Final                                       ;
; Total logic elements               ; 43 / 114,480 ( < 1 % )                      ;
;     Total combinational functions  ; 43 / 114,480 ( < 1 % )                      ;
;     Dedicated logic registers      ; 24 / 114,480 ( < 1 % )                      ;
; Total registers                    ; 24                                          ;
; Total pins                         ; 27 / 529 ( 5 % )                            ;
; Total virtual pins                 ; 0                                           ;
; Total memory bits                  ; 0 / 3,981,312 ( 0 % )                       ;
; Embedded Multiplier 9-bit elements ; 0 / 532 ( 0 % )                             ;
; Total PLLs                         ; 0 / 4 ( 0 % )                               ;
+------------------------------------+---------------------------------------------+


+-----------------------------------------+
; Flow Settings                           ;
+-------------------+---------------------+
; Option            ; Setting             ;
+-------------------+---------------------+
; Start date & time ; 05/07/2020 23:23:14 ;
; Main task         ; Compilation         ;
; Revision Name     ; clock               ;
+-------------------+---------------------+


+-------------------------------------------------------------------------------------------------------------------------+
; Flow Non-Default Global Settings                                                                                        ;
+-------------------------------------+----------------------------------------+---------------+-------------+------------+
; Assignment Name                     ; Value                                  ; Default Value ; Entity Name ; Section Id ;
+-------------------------------------+----------------------------------------+---------------+-------------+------------+
; COMPILER_SIGNATURE_ID               ; 1097661406079.158886499313132          ; --            ; --          ; --         ;
; MAX_CORE_JUNCTION_TEMP              ; 85                                     ; --            ; --          ; --         ;
; MIN_CORE_JUNCTION_TEMP              ; 0                                      ; --            ; --          ; --         ;
; NOMINAL_CORE_SUPPLY_VOLTAGE         ; 1.2V                                   ; --            ; --          ; --         ;
; PARTITION_COLOR                     ; -- (Not supported for targeted family) ; --            ; --          ; Top        ;
; PARTITION_FITTER_PRESERVATION_LEVEL ; -- (Not supported for targeted family) ; --            ; --          ; Top        ;
; PARTITION_NETLIST_TYPE              ; -- (Not supported for targeted family) ; --            ; --          ; Top        ;
; PROJECT_OUTPUT_DIRECTORY            ; output_files                           ; --            ; --          ; --         ;
+-------------------------------------+----------------------------------------+---------------+-------------+------------+


+--------------------------------------------------------------------------------------------------------------------------+
; Flow Elapsed Time                                                                                                        ;
+----------------------+--------------+-------------------------+---------------------+------------------------------------+
; Module Name          ; Elapsed Time ; Average Processors Used ; Peak Virtual Memory ; Total CPU Time (on all processors) ;
+----------------------+--------------+-------------------------+---------------------+------------------------------------+
; Analysis & Synthesis ; 00:00:21     ; 1.0                     ; 4774 MB             ; 00:00:31                           ;
; Fitter               ; 00:00:28     ; 1.0                     ; 5692 MB             ; 00:00:28                           ;
; Assembler            ; 00:00:05     ; 1.0                     ; 4690 MB             ; 00:00:04                           ;
; Timing Analyzer      ; 00:00:04     ; 1.0                     ; 4844 MB             ; 00:00:03                           ;
; EDA Netlist Writer   ; 00:00:01     ; 1.0                     ; 4637 MB             ; 00:00:01                           ;
; EDA Netlist Writer   ; 00:00:02     ; 1.0                     ; 4645 MB             ; 00:00:01                           ;
; EDA Netlist Writer   ; 00:00:01     ; 1.0                     ; 4637 MB             ; 00:00:01                           ;
; EDA Netlist Writer   ; 00:00:02     ; 1.0                     ; 4645 MB             ; 00:00:01                           ;
; EDA Netlist Writer   ; 00:00:01     ; 1.0                     ; 4637 MB             ; 00:00:01                           ;
; EDA Netlist Writer   ; 00:00:01     ; 1.0                     ; 4645 MB             ; 00:00:01                           ;
; EDA Netlist Writer   ; 00:00:01     ; 1.0                     ; 4637 MB             ; 00:00:01                           ;
; EDA Netlist Writer   ; 00:00:02     ; 1.0                     ; 4645 MB             ; 00:00:01                           ;
; EDA Netlist Writer   ; 00:00:01     ; 1.0                     ; 4637 MB             ; 00:00:01                           ;
; EDA Netlist Writer   ; 00:00:02     ; 1.0                     ; 4645 MB             ; 00:00:01                           ;
; EDA Netlist Writer   ; 00:00:01     ; 1.0                     ; 4637 MB             ; 00:00:01                           ;
; EDA Netlist Writer   ; 00:00:02     ; 1.0                     ; 4645 MB             ; 00:00:01                           ;
; EDA Netlist Writer   ; 00:00:00     ; 1.0                     ; 4637 MB             ; 00:00:01                           ;
; EDA Netlist Writer   ; 00:00:01     ; 1.0                     ; 4645 MB             ; 00:00:01                           ;
; EDA Netlist Writer   ; 00:00:00     ; 1.0                     ; 4637 MB             ; 00:00:01                           ;
; EDA Netlist Writer   ; 00:00:01     ; 1.0                     ; 4645 MB             ; 00:00:01                           ;
; EDA Netlist Writer   ; 00:00:01     ; 1.0                     ; 4637 MB             ; 00:00:01                           ;
; EDA Netlist Writer   ; 00:00:01     ; 1.0                     ; 4645 MB             ; 00:00:01                           ;
; EDA Netlist Writer   ; 00:00:01     ; 1.0                     ; 4637 MB             ; 00:00:01                           ;
; EDA Netlist Writer   ; 00:00:01     ; 1.0                     ; 4645 MB             ; 00:00:01                           ;
; Total                ; 00:01:21     ; --                      ; --                  ; 00:01:26                           ;
+----------------------+--------------+-------------------------+---------------------+------------------------------------+


+------------------------------------------------------------------------------------+
; Flow OS Summary                                                                    ;
+----------------------+------------------+------------+------------+----------------+
; Module Name          ; Machine Hostname ; OS Name    ; OS Version ; Processor type ;
+----------------------+------------------+------------+------------+----------------+
; Analysis & Synthesis ; WNZ              ; Windows 10 ; 10.0       ; x86_64         ;
; Fitter               ; WNZ              ; Windows 10 ; 10.0       ; x86_64         ;
; Assembler            ; WNZ              ; Windows 10 ; 10.0       ; x86_64         ;
; Timing Analyzer      ; WNZ              ; Windows 10 ; 10.0       ; x86_64         ;
; EDA Netlist Writer   ; WNZ              ; Windows 10 ; 10.0       ; x86_64         ;
; EDA Netlist Writer   ; WNZ              ; Windows 10 ; 10.0       ; x86_64         ;
; EDA Netlist Writer   ; WNZ              ; Windows 10 ; 10.0       ; x86_64         ;
; EDA Netlist Writer   ; WNZ              ; Windows 10 ; 10.0       ; x86_64         ;
; EDA Netlist Writer   ; WNZ              ; Windows 10 ; 10.0       ; x86_64         ;
; EDA Netlist Writer   ; WNZ              ; Windows 10 ; 10.0       ; x86_64         ;
; EDA Netlist Writer   ; WNZ              ; Windows 10 ; 10.0       ; x86_64         ;
; EDA Netlist Writer   ; WNZ              ; Windows 10 ; 10.0       ; x86_64         ;
; EDA Netlist Writer   ; WNZ              ; Windows 10 ; 10.0       ; x86_64         ;
; EDA Netlist Writer   ; WNZ              ; Windows 10 ; 10.0       ; x86_64         ;
; EDA Netlist Writer   ; WNZ              ; Windows 10 ; 10.0       ; x86_64         ;
; EDA Netlist Writer   ; WNZ              ; Windows 10 ; 10.0       ; x86_64         ;
; EDA Netlist Writer   ; WNZ              ; Windows 10 ; 10.0       ; x86_64         ;
; EDA Netlist Writer   ; WNZ              ; Windows 10 ; 10.0       ; x86_64         ;
; EDA Netlist Writer   ; WNZ              ; Windows 10 ; 10.0       ; x86_64         ;
; EDA Netlist Writer   ; WNZ              ; Windows 10 ; 10.0       ; x86_64         ;
; EDA Netlist Writer   ; WNZ              ; Windows 10 ; 10.0       ; x86_64         ;
; EDA Netlist Writer   ; WNZ              ; Windows 10 ; 10.0       ; x86_64         ;
; EDA Netlist Writer   ; WNZ              ; Windows 10 ; 10.0       ; x86_64         ;
; EDA Netlist Writer   ; WNZ              ; Windows 10 ; 10.0       ; x86_64         ;
+----------------------+------------------+------------+------------+----------------+


------------
; Flow Log ;
------------
quartus_map --read_settings_files=on --write_settings_files=off clock -c clock
quartus_fit --read_settings_files=off --write_settings_files=off clock -c clock
quartus_asm --read_settings_files=off --write_settings_files=off clock -c clock
quartus_sta clock -c clock
quartus_eda --gen_testbench --tool=modelsim_oem --format=verilog --write_settings_files=off clock -c clock --vector_source="D:/WNZ/Digital Lab/Lab 2/prj/clock/Waveform1.vwf" --testbench_file="D:/WNZ/Digital Lab/Lab 2/prj/clock/simulation/qsim/Waveform1.vwf.vt"
quartus_eda --write_settings_files=off --simulation=on --functional=on --flatten_buses=off --tool=modelsim_oem --format=verilog --output_directory="D:/WNZ/Digital Lab/Lab 2/prj/clock/simulation/qsim/" clock -c clock
quartus_eda --gen_testbench --tool=modelsim_oem --format=verilog --write_settings_files=off clock -c clock --vector_source="D:/WNZ/Digital Lab/Lab 2/prj/clock/Waveform1.vwf" --testbench_file="D:/WNZ/Digital Lab/Lab 2/prj/clock/simulation/qsim/Waveform1.vwf.vt"
quartus_eda --write_settings_files=off --simulation=on --functional=on --flatten_buses=off --tool=modelsim_oem --format=verilog --output_directory="D:/WNZ/Digital Lab/Lab 2/prj/clock/simulation/qsim/" clock -c clock
quartus_eda --gen_testbench --tool=modelsim_oem --format=verilog --write_settings_files=off clock -c clock --vector_source="D:/WNZ/Digital Lab/Lab 2/prj/clock/Waveform1.vwf" --testbench_file="D:/WNZ/Digital Lab/Lab 2/prj/clock/simulation/qsim/Waveform1.vwf.vt"
quartus_eda --write_settings_files=off --simulation=on --functional=on --flatten_buses=off --tool=modelsim_oem --format=verilog --output_directory="D:/WNZ/Digital Lab/Lab 2/prj/clock/simulation/qsim/" clock -c clock
quartus_eda --gen_testbench --tool=modelsim_oem --format=verilog --write_settings_files=off clock -c clock --vector_source="D:/WNZ/Digital Lab/Lab 2/prj/clock/Waveform1.vwf" --testbench_file="D:/WNZ/Digital Lab/Lab 2/prj/clock/simulation/qsim/Waveform1.vwf.vt"
quartus_eda --write_settings_files=off --simulation=on --functional=on --flatten_buses=off --tool=modelsim_oem --format=verilog --output_directory="D:/WNZ/Digital Lab/Lab 2/prj/clock/simulation/qsim/" clock -c clock
quartus_eda --gen_testbench --tool=modelsim_oem --format=verilog --write_settings_files=off clock -c clock --vector_source="D:/WNZ/Digital Lab/Lab 2/prj/clock/Waveform1.vwf" --testbench_file="D:/WNZ/Digital Lab/Lab 2/prj/clock/simulation/qsim/Waveform1.vwf.vt"
quartus_eda --write_settings_files=off --simulation=on --functional=on --flatten_buses=off --tool=modelsim_oem --format=verilog --output_directory="D:/WNZ/Digital Lab/Lab 2/prj/clock/simulation/qsim/" clock -c clock
quartus_eda --gen_testbench --tool=modelsim_oem --format=verilog --write_settings_files=off clock -c clock --vector_source="D:/WNZ/Digital Lab/Lab 2/prj/clock/Waveform1.vwf" --testbench_file="D:/WNZ/Digital Lab/Lab 2/prj/clock/simulation/qsim/Waveform1.vwf.vt"
quartus_eda --write_settings_files=off --simulation=on --functional=on --flatten_buses=off --tool=modelsim_oem --format=verilog --output_directory="D:/WNZ/Digital Lab/Lab 2/prj/clock/simulation/qsim/" clock -c clock
quartus_eda --gen_testbench --tool=modelsim_oem --format=verilog --write_settings_files=off clock -c clock --vector_source="D:/WNZ/Digital Lab/Lab 2/prj/clock/Waveform1.vwf" --testbench_file="D:/WNZ/Digital Lab/Lab 2/prj/clock/simulation/qsim/Waveform1.vwf.vt"
quartus_eda --write_settings_files=off --simulation=on --functional=on --flatten_buses=off --tool=modelsim_oem --format=verilog --output_directory="D:/WNZ/Digital Lab/Lab 2/prj/clock/simulation/qsim/" clock -c clock
quartus_eda --gen_testbench --tool=modelsim_oem --format=verilog --write_settings_files=off clock -c clock --vector_source="D:/WNZ/Digital Lab/Lab 2/prj/clock/Waveform1.vwf" --testbench_file="D:/WNZ/Digital Lab/Lab 2/prj/clock/simulation/qsim/Waveform1.vwf.vt"
quartus_eda --write_settings_files=off --simulation=on --functional=on --flatten_buses=off --tool=modelsim_oem --format=verilog --output_directory="D:/WNZ/Digital Lab/Lab 2/prj/clock/simulation/qsim/" clock -c clock
quartus_eda --gen_testbench --tool=modelsim_oem --format=verilog --write_settings_files=off clock -c clock --vector_source="D:/WNZ/Digital Lab/Lab 2/prj/clock/Waveform1.vwf" --testbench_file="D:/WNZ/Digital Lab/Lab 2/prj/clock/simulation/qsim/Waveform1.vwf.vt"
quartus_eda --write_settings_files=off --simulation=on --functional=on --flatten_buses=off --tool=modelsim_oem --format=verilog --output_directory="D:/WNZ/Digital Lab/Lab 2/prj/clock/simulation/qsim/" clock -c clock
quartus_eda --gen_testbench --tool=modelsim_oem --format=verilog --write_settings_files=off clock -c clock --vector_source="D:/WNZ/Digital Lab/Lab 2/prj/clock/Waveform1.vwf" --testbench_file="D:/WNZ/Digital Lab/Lab 2/prj/clock/simulation/qsim/Waveform1.vwf.vt"
quartus_eda --write_settings_files=off --simulation=on --functional=on --flatten_buses=off --tool=modelsim_oem --format=verilog --output_directory="D:/WNZ/Digital Lab/Lab 2/prj/clock/simulation/qsim/" clock -c clock



