Analysis & Synthesis report for digital_clock
Sun May 17 21:39:43 2020
Quartus Prime Version 18.1.0 Build 625 09/12/2018 SJ Lite Edition


---------------------
; Table of Contents ;
---------------------
  1. Legal Notice
  2. Analysis & Synthesis Summary
  3. Analysis & Synthesis Settings
  4. Parallel Compilation
  5. Analysis & Synthesis Source Files Read
  6. Analysis & Synthesis Resource Usage Summary
  7. Analysis & Synthesis Resource Utilization by Entity
  8. Registers Removed During Synthesis
  9. General Register Statistics
 10. Multiplexer Restructuring Statistics (Restructuring Performed)
 11. Port Connectivity Checks: "set_alarm:alarm_seting|counter_24:hour_alarm"
 12. Port Connectivity Checks: "set_alarm:alarm_seting|counter_60:min_alarm"
 13. Port Connectivity Checks: "counter_24:hour_counter"
 14. Port Connectivity Checks: "counter_60:min_counter"
 15. Port Connectivity Checks: "counter_60:sec_counter"
 16. Port Connectivity Checks: "mult_freq_div:Freq_Div"
 17. Post-Synthesis Netlist Statistics for Top Partition
 18. Elapsed Time Per Partition
 19. Analysis & Synthesis Messages
 20. Analysis & Synthesis Suppressed Messages



----------------
; Legal Notice ;
----------------
Copyright (C) 2018  Intel Corporation. All rights reserved.
Your use of Intel Corporation's design tools, logic functions 
and other software and tools, and its AMPP partner logic 
functions, and any output files from any of the foregoing 
(including device programming or simulation files), and any 
associated documentation or information are expressly subject 
to the terms and conditions of the Intel Program License 
Subscription Agreement, the Intel Quartus Prime License Agreement,
the Intel FPGA IP License Agreement, or other applicable license
agreement, including, without limitation, that your use is for
the sole purpose of programming logic devices manufactured by
Intel and sold by Intel or its authorized distributors.  Please
refer to the applicable agreement for further details.



+----------------------------------------------------------------------------------+
; Analysis & Synthesis Summary                                                     ;
+------------------------------------+---------------------------------------------+
; Analysis & Synthesis Status        ; Successful - Sun May 17 21:39:43 2020       ;
; Quartus Prime Version              ; 18.1.0 Build 625 09/12/2018 SJ Lite Edition ;
; Revision Name                      ; digital_clock                               ;
; Top-level Entity Name              ; digital_clock                               ;
; Family                             ; Cyclone IV E                                ;
; Total logic elements               ; 194                                         ;
;     Total combinational functions  ; 194                                         ;
;     Dedicated logic registers      ; 67                                          ;
; Total registers                    ; 67                                          ;
; Total pins                         ; 49                                          ;
; Total virtual pins                 ; 0                                           ;
; Total memory bits                  ; 0                                           ;
; Embedded Multiplier 9-bit elements ; 0                                           ;
; Total PLLs                         ; 0                                           ;
+------------------------------------+---------------------------------------------+


+------------------------------------------------------------------------------------------------------------+
; Analysis & Synthesis Settings                                                                              ;
+------------------------------------------------------------------+--------------------+--------------------+
; Option                                                           ; Setting            ; Default Value      ;
+------------------------------------------------------------------+--------------------+--------------------+
; Device                                                           ; EP4CE115F29C7      ;                    ;
; Top-level entity name                                            ; digital_clock      ; digital_clock      ;
; Family name                                                      ; Cyclone IV E       ; Cyclone V          ;
; Use smart compilation                                            ; Off                ; Off                ;
; Enable parallel Assembler and Timing Analyzer during compilation ; On                 ; On                 ;
; Enable compact report table                                      ; Off                ; Off                ;
; Restructure Multiplexers                                         ; Auto               ; Auto               ;
; Create Debugging Nodes for IP Cores                              ; Off                ; Off                ;
; Preserve fewer node names                                        ; On                 ; On                 ;
; Intel FPGA IP Evaluation Mode                                    ; Enable             ; Enable             ;
; Verilog Version                                                  ; Verilog_2001       ; Verilog_2001       ;
; VHDL Version                                                     ; VHDL_1993          ; VHDL_1993          ;
; State Machine Processing                                         ; Auto               ; Auto               ;
; Safe State Machine                                               ; Off                ; Off                ;
; Extract Verilog State Machines                                   ; On                 ; On                 ;
; Extract VHDL State Machines                                      ; On                 ; On                 ;
; Ignore Verilog initial constructs                                ; Off                ; Off                ;
; Iteration limit for constant Verilog loops                       ; 5000               ; 5000               ;
; Iteration limit for non-constant Verilog loops                   ; 250                ; 250                ;
; Add Pass-Through Logic to Inferred RAMs                          ; On                 ; On                 ;
; Infer RAMs from Raw Logic                                        ; On                 ; On                 ;
; Parallel Synthesis                                               ; On                 ; On                 ;
; DSP Block Balancing                                              ; Auto               ; Auto               ;
; NOT Gate Push-Back                                               ; On                 ; On                 ;
; Power-Up Don't Care                                              ; On                 ; On                 ;
; Remove Redundant Logic Cells                                     ; Off                ; Off                ;
; Remove Duplicate Registers                                       ; On                 ; On                 ;
; Ignore CARRY Buffers                                             ; Off                ; Off                ;
; Ignore CASCADE Buffers                                           ; Off                ; Off                ;
; Ignore GLOBAL Buffers                                            ; Off                ; Off                ;
; Ignore ROW GLOBAL Buffers                                        ; Off                ; Off                ;
; Ignore LCELL Buffers                                             ; Off                ; Off                ;
; Ignore SOFT Buffers                                              ; On                 ; On                 ;
; Limit AHDL Integers to 32 Bits                                   ; Off                ; Off                ;
; Optimization Technique                                           ; Balanced           ; Balanced           ;
; Carry Chain Length                                               ; 70                 ; 70                 ;
; Auto Carry Chains                                                ; On                 ; On                 ;
; Auto Open-Drain Pins                                             ; On                 ; On                 ;
; Perform WYSIWYG Primitive Resynthesis                            ; Off                ; Off                ;
; Auto ROM Replacement                                             ; On                 ; On                 ;
; Auto RAM Replacement                                             ; On                 ; On                 ;
; Auto DSP Block Replacement                                       ; On                 ; On                 ;
; Auto Shift Register Replacement                                  ; Auto               ; Auto               ;
; Allow Shift Register Merging across Hierarchies                  ; Auto               ; Auto               ;
; Auto Clock Enable Replacement                                    ; On                 ; On                 ;
; Strict RAM Replacement                                           ; Off                ; Off                ;
; Allow Synchronous Control Signals                                ; On                 ; On                 ;
; Force Use of Synchronous Clear Signals                           ; Off                ; Off                ;
; Auto RAM Block Balancing                                         ; On                 ; On                 ;
; Auto RAM to Logic Cell Conversion                                ; Off                ; Off                ;
; Auto Resource Sharing                                            ; Off                ; Off                ;
; Allow Any RAM Size For Recognition                               ; Off                ; Off                ;
; Allow Any ROM Size For Recognition                               ; Off                ; Off                ;
; Allow Any Shift Register Size For Recognition                    ; Off                ; Off                ;
; Use LogicLock Constraints during Resource Balancing              ; On                 ; On                 ;
; Ignore translate_off and synthesis_off directives                ; Off                ; Off                ;
; Timing-Driven Synthesis                                          ; On                 ; On                 ;
; Report Parameter Settings                                        ; On                 ; On                 ;
; Report Source Assignments                                        ; On                 ; On                 ;
; Report Connectivity Checks                                       ; On                 ; On                 ;
; Ignore Maximum Fan-Out Assignments                               ; Off                ; Off                ;
; Synchronization Register Chain Length                            ; 2                  ; 2                  ;
; Power Optimization During Synthesis                              ; Normal compilation ; Normal compilation ;
; HDL message level                                                ; Level2             ; Level2             ;
; Suppress Register Optimization Related Messages                  ; Off                ; Off                ;
; Number of Removed Registers Reported in Synthesis Report         ; 5000               ; 5000               ;
; Number of Swept Nodes Reported in Synthesis Report               ; 5000               ; 5000               ;
; Number of Inverted Registers Reported in Synthesis Report        ; 100                ; 100                ;
; Clock MUX Protection                                             ; On                 ; On                 ;
; Auto Gated Clock Conversion                                      ; Off                ; Off                ;
; Block Design Naming                                              ; Auto               ; Auto               ;
; SDC constraint protection                                        ; Off                ; Off                ;
; Synthesis Effort                                                 ; Auto               ; Auto               ;
; Shift Register Replacement - Allow Asynchronous Clear Signal     ; On                 ; On                 ;
; Pre-Mapping Resynthesis Optimization                             ; Off                ; Off                ;
; Analysis & Synthesis Message Level                               ; Medium             ; Medium             ;
; Disable Register Merging Across Hierarchies                      ; Auto               ; Auto               ;
; Resource Aware Inference For Block RAM                           ; On                 ; On                 ;
+------------------------------------------------------------------+--------------------+--------------------+


+------------------------------------------+
; Parallel Compilation                     ;
+----------------------------+-------------+
; Processors                 ; Number      ;
+----------------------------+-------------+
; Number detected on machine ; 4           ;
; Maximum allowed            ; 4           ;
;                            ;             ;
; Average used               ; 1.00        ;
; Maximum used               ; 4           ;
;                            ;             ;
; Usage by Processor         ; % Time Used ;
;     Processor 1            ; 100.0%      ;
;     Processor 2            ;   0.0%      ;
;     Processors 3-4         ;   0.0%      ;
+----------------------------+-------------+


+---------------------------------------------------------------------------------------------------------------------------------------+
; Analysis & Synthesis Source Files Read                                                                                                ;
+----------------------------------+-----------------+------------------------+-----------------------------------------------+---------+
; File Name with User-Entered Path ; Used in Netlist ; File Type              ; File Name with Absolute Path                  ; Library ;
+----------------------------------+-----------------+------------------------+-----------------------------------------------+---------+
; ../../src/tone.v                 ; yes             ; User Verilog HDL File  ; D:/WNZ/Digital Lab/Lab 2/src/tone.v           ;         ;
; ../../src/timing_alarm.v         ; yes             ; User Verilog HDL File  ; D:/WNZ/Digital Lab/Lab 2/src/timing_alarm.v   ;         ;
; ../../src/set_alarm.v            ; yes             ; User Verilog HDL File  ; D:/WNZ/Digital Lab/Lab 2/src/set_alarm.v      ;         ;
; ../../src/mult_freq_div.v        ; yes             ; User Verilog HDL File  ; D:/WNZ/Digital Lab/Lab 2/src/mult_freq_div.v  ;         ;
; ../../src/disp_decoder.v         ; yes             ; User Verilog HDL File  ; D:/WNZ/Digital Lab/Lab 2/src/disp_decoder.v   ;         ;
; ../../src/digital_clock.v        ; yes             ; User Verilog HDL File  ; D:/WNZ/Digital Lab/Lab 2/src/digital_clock.v  ;         ;
; ../../src/counter_60.v           ; yes             ; User Verilog HDL File  ; D:/WNZ/Digital Lab/Lab 2/src/counter_60.v     ;         ;
; ../../src/counter_24.v           ; yes             ; User Verilog HDL File  ; D:/WNZ/Digital Lab/Lab 2/src/counter_24.v     ;         ;
; ../../src/alarm_clock_EQ.v       ; yes             ; User Verilog HDL File  ; D:/WNZ/Digital Lab/Lab 2/src/alarm_clock_EQ.v ;         ;
+----------------------------------+-----------------+------------------------+-----------------------------------------------+---------+


+------------------------------------------------------------------------------+
; Analysis & Synthesis Resource Usage Summary                                  ;
+---------------------------------------------+--------------------------------+
; Resource                                    ; Usage                          ;
+---------------------------------------------+--------------------------------+
; Estimated Total logic elements              ; 194                            ;
;                                             ;                                ;
; Total combinational functions               ; 194                            ;
; Logic element usage by number of LUT inputs ;                                ;
;     -- 4 input functions                    ; 111                            ;
;     -- 3 input functions                    ; 41                             ;
;     -- <=2 input functions                  ; 42                             ;
;                                             ;                                ;
; Logic elements by mode                      ;                                ;
;     -- normal mode                          ; 169                            ;
;     -- arithmetic mode                      ; 25                             ;
;                                             ;                                ;
; Total registers                             ; 67                             ;
;     -- Dedicated logic registers            ; 67                             ;
;     -- I/O registers                        ; 0                              ;
;                                             ;                                ;
; I/O pins                                    ; 49                             ;
;                                             ;                                ;
; Embedded Multiplier 9-bit elements          ; 0                              ;
;                                             ;                                ;
; Maximum fan-out node                        ; mult_freq_div:Freq_Div|clk_1Hz ;
; Maximum fan-out                             ; 43                             ;
; Total fan-out                               ; 932                            ;
; Average fan-out                             ; 2.60                           ;
+---------------------------------------------+--------------------------------+


+-----------------------------------------------------------------------------------------------------------------------------------------------------------------------------------------------------------------------------------------------------------+
; Analysis & Synthesis Resource Utilization by Entity                                                                                                                                                                                                       ;
+-----------------------------------+---------------------+---------------------------+-------------+--------------+---------+-----------+------+--------------+-------------------------------------------------------------+---------------+--------------+
; Compilation Hierarchy Node        ; Combinational ALUTs ; Dedicated Logic Registers ; Memory Bits ; DSP Elements ; DSP 9x9 ; DSP 18x18 ; Pins ; Virtual Pins ; Full Hierarchy Name                                         ; Entity Name   ; Library Name ;
+-----------------------------------+---------------------+---------------------------+-------------+--------------+---------+-----------+------+--------------+-------------------------------------------------------------+---------------+--------------+
; |digital_clock                    ; 194 (18)            ; 67 (0)                    ; 0           ; 0            ; 0       ; 0         ; 49   ; 0            ; |digital_clock                                              ; digital_clock ; work         ;
;    |counter_24:hour_counter|      ; 15 (15)             ; 8 (8)                     ; 0           ; 0            ; 0       ; 0         ; 0    ; 0            ; |digital_clock|counter_24:hour_counter                      ; counter_24    ; work         ;
;    |counter_60:min_counter|       ; 12 (12)             ; 8 (8)                     ; 0           ; 0            ; 0       ; 0         ; 0    ; 0            ; |digital_clock|counter_60:min_counter                       ; counter_60    ; work         ;
;    |counter_60:sec_counter|       ; 14 (14)             ; 8 (8)                     ; 0           ; 0            ; 0       ; 0         ; 0    ; 0            ; |digital_clock|counter_60:sec_counter                       ; counter_60    ; work         ;
;    |disp_decoder:hour_01_decoder| ; 8 (8)               ; 0 (0)                     ; 0           ; 0            ; 0       ; 0         ; 0    ; 0            ; |digital_clock|disp_decoder:hour_01_decoder                 ; disp_decoder  ; work         ;
;    |disp_decoder:hour_10_decoder| ; 8 (8)               ; 0 (0)                     ; 0           ; 0            ; 0       ; 0         ; 0    ; 0            ; |digital_clock|disp_decoder:hour_10_decoder                 ; disp_decoder  ; work         ;
;    |disp_decoder:min_01_decoder|  ; 8 (8)               ; 0 (0)                     ; 0           ; 0            ; 0       ; 0         ; 0    ; 0            ; |digital_clock|disp_decoder:min_01_decoder                  ; disp_decoder  ; work         ;
;    |disp_decoder:min_10_decoder|  ; 8 (8)               ; 0 (0)                     ; 0           ; 0            ; 0       ; 0         ; 0    ; 0            ; |digital_clock|disp_decoder:min_10_decoder                  ; disp_decoder  ; work         ;
;    |disp_decoder:sec_01_decoder|  ; 8 (8)               ; 0 (0)                     ; 0           ; 0            ; 0       ; 0         ; 0    ; 0            ; |digital_clock|disp_decoder:sec_01_decoder                  ; disp_decoder  ; work         ;
;    |disp_decoder:sec_10_decoder|  ; 8 (8)               ; 0 (0)                     ; 0           ; 0            ; 0       ; 0         ; 0    ; 0            ; |digital_clock|disp_decoder:sec_10_decoder                  ; disp_decoder  ; work         ;
;    |mult_freq_div:Freq_Div|       ; 36 (36)             ; 27 (27)                   ; 0           ; 0            ; 0       ; 0         ; 0    ; 0            ; |digital_clock|mult_freq_div:Freq_Div                       ; mult_freq_div ; work         ;
;    |set_alarm:alarm_seting|       ; 29 (0)              ; 16 (0)                    ; 0           ; 0            ; 0       ; 0         ; 0    ; 0            ; |digital_clock|set_alarm:alarm_seting                       ; set_alarm     ; work         ;
;       |counter_24:hour_alarm|     ; 16 (16)             ; 8 (8)                     ; 0           ; 0            ; 0       ; 0         ; 0    ; 0            ; |digital_clock|set_alarm:alarm_seting|counter_24:hour_alarm ; counter_24    ; work         ;
;       |counter_60:min_alarm|      ; 13 (13)             ; 8 (8)                     ; 0           ; 0            ; 0       ; 0         ; 0    ; 0            ; |digital_clock|set_alarm:alarm_seting|counter_60:min_alarm  ; counter_60    ; work         ;
;    |tone:T|                       ; 22 (22)             ; 0 (0)                     ; 0           ; 0            ; 0       ; 0         ; 0    ; 0            ; |digital_clock|tone:T                                       ; tone          ; work         ;
+-----------------------------------+---------------------+---------------------------+-------------+--------------+---------+-----------+------+--------------+-------------------------------------------------------------+---------------+--------------+
Note: For table entries with two numbers listed, the numbers in parentheses indicate the number of resources of the given type used by the specific entity alone. The numbers listed outside of parentheses indicate the total resources of the given type used by the specific entity and all of its sub-entities in the hierarchy.


+--------------------------------------------------------------------------------+
; Registers Removed During Synthesis                                             ;
+---------------------------------------+----------------------------------------+
; Register name                         ; Reason for Removal                     ;
+---------------------------------------+----------------------------------------+
; mult_freq_div:Freq_Div|clk_1kHz       ; Stuck at VCC due to stuck port data_in ;
; mult_freq_div:Freq_Div|clk_500Hz      ; Stuck at VCC due to stuck port data_in ;
; Total Number of Removed Registers = 2 ;                                        ;
+---------------------------------------+----------------------------------------+


+------------------------------------------------------+
; General Register Statistics                          ;
+----------------------------------------------+-------+
; Statistic                                    ; Value ;
+----------------------------------------------+-------+
; Total registers                              ; 67    ;
; Number of registers using Synchronous Clear  ; 0     ;
; Number of registers using Synchronous Load   ; 0     ;
; Number of registers using Asynchronous Clear ; 0     ;
; Number of registers using Asynchronous Load  ; 0     ;
; Number of registers using Clock Enable       ; 18    ;
; Number of registers using Preset             ; 0     ;
+----------------------------------------------+-------+


+-----------------------------------------------------------------------------------------------------------------------------------------------------------------------------------+
; Multiplexer Restructuring Statistics (Restructuring Performed)                                                                                                                    ;
+--------------------+-----------+---------------+----------------------+------------------------+------------+---------------------------------------------------------------------+
; Multiplexer Inputs ; Bus Width ; Baseline Area ; Area if Restructured ; Saving if Restructured ; Registered ; Example Multiplexer Output                                          ;
+--------------------+-----------+---------------+----------------------+------------------------+------------+---------------------------------------------------------------------+
; 3:1                ; 4 bits    ; 8 LEs         ; 4 LEs                ; 4 LEs                  ; Yes        ; |digital_clock|counter_60:sec_counter|Q_10[2]                       ;
; 3:1                ; 4 bits    ; 8 LEs         ; 4 LEs                ; 4 LEs                  ; Yes        ; |digital_clock|counter_60:sec_counter|Q_01[3]                       ;
; 3:1                ; 4 bits    ; 8 LEs         ; 4 LEs                ; 4 LEs                  ; Yes        ; |digital_clock|counter_60:min_counter|Q_10[0]                       ;
; 3:1                ; 4 bits    ; 8 LEs         ; 4 LEs                ; 4 LEs                  ; Yes        ; |digital_clock|counter_60:min_counter|Q_01[3]                       ;
; 3:1                ; 4 bits    ; 8 LEs         ; 4 LEs                ; 4 LEs                  ; Yes        ; |digital_clock|counter_24:hour_counter|Q_10[3]                      ;
; 3:1                ; 4 bits    ; 8 LEs         ; 4 LEs                ; 4 LEs                  ; Yes        ; |digital_clock|counter_24:hour_counter|Q_01[0]                      ;
; 3:1                ; 4 bits    ; 8 LEs         ; 4 LEs                ; 4 LEs                  ; Yes        ; |digital_clock|set_alarm:alarm_seting|counter_24:hour_alarm|Q_10[0] ;
; 3:1                ; 4 bits    ; 8 LEs         ; 4 LEs                ; 4 LEs                  ; Yes        ; |digital_clock|set_alarm:alarm_seting|counter_24:hour_alarm|Q_01[3] ;
; 3:1                ; 4 bits    ; 8 LEs         ; 4 LEs                ; 4 LEs                  ; Yes        ; |digital_clock|set_alarm:alarm_seting|counter_60:min_alarm|Q_10[3]  ;
; 3:1                ; 4 bits    ; 8 LEs         ; 4 LEs                ; 4 LEs                  ; Yes        ; |digital_clock|set_alarm:alarm_seting|counter_60:min_alarm|Q_01[0]  ;
+--------------------+-----------+---------------+----------------------+------------------------+------------+---------------------------------------------------------------------+


+--------------------------------------------------------------------------+
; Port Connectivity Checks: "set_alarm:alarm_seting|counter_24:hour_alarm" ;
+-------+-------+----------+-----------------------------------------------+
; Port  ; Type  ; Severity ; Details                                       ;
+-------+-------+----------+-----------------------------------------------+
; clr_n ; Input ; Info     ; Stuck at VCC                                  ;
+-------+-------+----------+-----------------------------------------------+


+-------------------------------------------------------------------------+
; Port Connectivity Checks: "set_alarm:alarm_seting|counter_60:min_alarm" ;
+-------+--------+----------+---------------------------------------------+
; Port  ; Type   ; Severity ; Details                                     ;
+-------+--------+----------+---------------------------------------------+
; clr_n ; Input  ; Info     ; Stuck at VCC                                ;
; cout  ; Output ; Info     ; Explicitly unconnected                      ;
+-------+--------+----------+---------------------------------------------+


+-----------------------------------------------------+
; Port Connectivity Checks: "counter_24:hour_counter" ;
+-------+-------+----------+--------------------------+
; Port  ; Type  ; Severity ; Details                  ;
+-------+-------+----------+--------------------------+
; clr_n ; Input ; Info     ; Stuck at VCC             ;
+-------+-------+----------+--------------------------+


+----------------------------------------------------+
; Port Connectivity Checks: "counter_60:min_counter" ;
+-------+-------+----------+-------------------------+
; Port  ; Type  ; Severity ; Details                 ;
+-------+-------+----------+-------------------------+
; clr_n ; Input ; Info     ; Stuck at VCC            ;
+-------+-------+----------+-------------------------+


+----------------------------------------------------+
; Port Connectivity Checks: "counter_60:sec_counter" ;
+-------+-------+----------+-------------------------+
; Port  ; Type  ; Severity ; Details                 ;
+-------+-------+----------+-------------------------+
; clr_n ; Input ; Info     ; Stuck at VCC            ;
; en    ; Input ; Info     ; Stuck at VCC            ;
+-------+-------+----------+-------------------------+


+----------------------------------------------------+
; Port Connectivity Checks: "mult_freq_div:Freq_Div" ;
+-------+-------+----------+-------------------------+
; Port  ; Type  ; Severity ; Details                 ;
+-------+-------+----------+-------------------------+
; clr_n ; Input ; Info     ; Stuck at VCC            ;
+-------+-------+----------+-------------------------+


+-----------------------------------------------------+
; Post-Synthesis Netlist Statistics for Top Partition ;
+-----------------------+-----------------------------+
; Type                  ; Count                       ;
+-----------------------+-----------------------------+
; boundary_port         ; 49                          ;
; cycloneiii_ff         ; 67                          ;
;     ENA               ; 18                          ;
;     plain             ; 49                          ;
; cycloneiii_io_obuf    ; 42                          ;
; cycloneiii_lcell_comb ; 194                         ;
;     arith             ; 25                          ;
;         2 data inputs ; 25                          ;
;     normal            ; 169                         ;
;         1 data inputs ; 6                           ;
;         2 data inputs ; 11                          ;
;         3 data inputs ; 41                          ;
;         4 data inputs ; 111                         ;
;                       ;                             ;
; Max LUT depth         ; 5.00                        ;
; Average LUT depth     ; 2.57                        ;
+-----------------------+-----------------------------+


+-------------------------------+
; Elapsed Time Per Partition    ;
+----------------+--------------+
; Partition Name ; Elapsed Time ;
+----------------+--------------+
; Top            ; 00:00:01     ;
+----------------+--------------+


+-------------------------------+
; Analysis & Synthesis Messages ;
+-------------------------------+
Info: *******************************************************************
Info: Running Quartus Prime Analysis & Synthesis
    Info: Version 18.1.0 Build 625 09/12/2018 SJ Lite Edition
    Info: Processing started: Sun May 17 21:39:25 2020
Info: Command: quartus_map --read_settings_files=on --write_settings_files=off digital_clock -c digital_clock
Warning (18236): Number of processors has not been specified which may cause overloading on shared machines.  Set the global assignment NUM_PARALLEL_PROCESSORS in your QSF to an appropriate value for best performance.
Info (20030): Parallel compilation is enabled and will use 4 of the 4 processors detected
Info (12021): Found 1 design units, including 1 entities, in source file /wnz/digital lab/lab 2/src/tone.v
    Info (12023): Found entity 1: tone File: D:/WNZ/Digital Lab/Lab 2/src/tone.v Line: 8
Info (12021): Found 1 design units, including 1 entities, in source file /wnz/digital lab/lab 2/src/timing_alarm.v
    Info (12023): Found entity 1: timing_alarm File: D:/WNZ/Digital Lab/Lab 2/src/timing_alarm.v Line: 4
Info (12021): Found 1 design units, including 1 entities, in source file /wnz/digital lab/lab 2/src/set_alarm.v
    Info (12023): Found entity 1: set_alarm File: D:/WNZ/Digital Lab/Lab 2/src/set_alarm.v Line: 5
Info (12021): Found 1 design units, including 1 entities, in source file /wnz/digital lab/lab 2/src/mult_freq_div.v
    Info (12023): Found entity 1: mult_freq_div File: D:/WNZ/Digital Lab/Lab 2/src/mult_freq_div.v Line: 1
Info (12021): Found 1 design units, including 1 entities, in source file /wnz/digital lab/lab 2/src/disp_decoder.v
    Info (12023): Found entity 1: disp_decoder File: D:/WNZ/Digital Lab/Lab 2/src/disp_decoder.v Line: 4
Info (12021): Found 1 design units, including 1 entities, in source file /wnz/digital lab/lab 2/src/digital_clock.v
    Info (12023): Found entity 1: digital_clock File: D:/WNZ/Digital Lab/Lab 2/src/digital_clock.v Line: 1
Info (12021): Found 1 design units, including 1 entities, in source file /wnz/digital lab/lab 2/src/counter_60.v
    Info (12023): Found entity 1: counter_60 File: D:/WNZ/Digital Lab/Lab 2/src/counter_60.v Line: 4
Info (12021): Found 1 design units, including 1 entities, in source file /wnz/digital lab/lab 2/src/counter_24.v
    Info (12023): Found entity 1: counter_24 File: D:/WNZ/Digital Lab/Lab 2/src/counter_24.v Line: 4
Info (12021): Found 1 design units, including 1 entities, in source file /wnz/digital lab/lab 2/src/clock.v
    Info (12023): Found entity 1: clock File: D:/WNZ/Digital Lab/Lab 2/src/clock.v Line: 4
Info (12021): Found 1 design units, including 1 entities, in source file /wnz/digital lab/lab 2/src/alarm_clock_eq.v
    Info (12023): Found entity 1: alarm_clock_EQ File: D:/WNZ/Digital Lab/Lab 2/src/alarm_clock_EQ.v Line: 4
Info (12021): Found 1 design units, including 1 entities, in source file /wnz/digital lab/lab 2/src/alarm_clock.v
    Info (12023): Found entity 1: alarm_clock File: D:/WNZ/Digital Lab/Lab 2/src/alarm_clock.v Line: 1
Info (12127): Elaborating entity "digital_clock" for the top level hierarchy
Info (12128): Elaborating entity "mult_freq_div" for hierarchy "mult_freq_div:Freq_Div" File: D:/WNZ/Digital Lab/Lab 2/src/digital_clock.v Line: 36
Warning (10036): Verilog HDL or VHDL warning at mult_freq_div.v(10): object "clk_cnt_2" assigned a value but never read File: D:/WNZ/Digital Lab/Lab 2/src/mult_freq_div.v Line: 10
Warning (10036): Verilog HDL or VHDL warning at mult_freq_div.v(11): object "clk_cnt_3" assigned a value but never read File: D:/WNZ/Digital Lab/Lab 2/src/mult_freq_div.v Line: 11
Warning (10230): Verilog HDL assignment warning at mult_freq_div.v(35): truncated value with size 32 to match size of target (26) File: D:/WNZ/Digital Lab/Lab 2/src/mult_freq_div.v Line: 35
Info (12128): Elaborating entity "counter_60" for hierarchy "counter_60:sec_counter" File: D:/WNZ/Digital Lab/Lab 2/src/digital_clock.v Line: 62
Info (12128): Elaborating entity "counter_24" for hierarchy "counter_24:hour_counter" File: D:/WNZ/Digital Lab/Lab 2/src/digital_clock.v Line: 81
Info (12128): Elaborating entity "set_alarm" for hierarchy "set_alarm:alarm_seting" File: D:/WNZ/Digital Lab/Lab 2/src/digital_clock.v Line: 101
Info (12128): Elaborating entity "alarm_clock_EQ" for hierarchy "alarm_clock_EQ:ALARM" File: D:/WNZ/Digital Lab/Lab 2/src/digital_clock.v Line: 121
Info (12128): Elaborating entity "timing_alarm" for hierarchy "timing_alarm:T_alarm" File: D:/WNZ/Digital Lab/Lab 2/src/digital_clock.v Line: 137
Info (12128): Elaborating entity "disp_decoder" for hierarchy "disp_decoder:sec_01_decoder" File: D:/WNZ/Digital Lab/Lab 2/src/digital_clock.v Line: 159
Info (12128): Elaborating entity "tone" for hierarchy "tone:T" File: D:/WNZ/Digital Lab/Lab 2/src/digital_clock.v Line: 209
Info (286030): Timing-Driven Synthesis is running
Info (144001): Generated suppressed messages file D:/WNZ/Digital Lab/Lab 2/prj/digital_clock/output_files/digital_clock.map.smsg
Info (16010): Generating hard_block partition "hard_block:auto_generated_inst"
    Info (16011): Adding 0 node(s), including 0 DDIO, 0 PLL, 0 transceiver and 0 LCELL
Info (21057): Implemented 243 device resources after synthesis - the final resource count might be different
    Info (21058): Implemented 5 input pins
    Info (21059): Implemented 44 output pins
    Info (21061): Implemented 194 logic cells
Info: Quartus Prime Analysis & Synthesis was successful. 0 errors, 4 warnings
    Info: Peak virtual memory: 4773 megabytes
    Info: Processing ended: Sun May 17 21:39:43 2020
    Info: Elapsed time: 00:00:18
    Info: Total CPU time (on all processors): 00:00:28


+------------------------------------------+
; Analysis & Synthesis Suppressed Messages ;
+------------------------------------------+
The suppressed messages can be found in D:/WNZ/Digital Lab/Lab 2/prj/digital_clock/output_files/digital_clock.map.smsg.


